<?xml version="1.0" encoding="UTF-8"?>
<!-- Generated by org.testng.reporters.JUnitReportReporter -->
<testsuite hostname="LPCD-HWNP4B3" failures="0" tests="1" name="tests.FlipkartTest" time="2.809" errors="0" timestamp="2024-07-05T10:10:40 IST" skipped="0">
  <testcase classname="tests.FlipkartTest" name="testMouseOver" time="2.809"/>
</testsuite> <!-- tests.FlipkartTest -->
