<?xml version="1.0" encoding="UTF-8"?>
<!-- Generated by org.testng.reporters.JUnitReportReporter -->
<testsuite hostname="LPCD-HWNP4B3" failures="0" tests="1" name="tests.SeleniumTest" time="6.866" errors="0" timestamp="2024-06-24T17:18:42 IST" skipped="0">
  <testcase classname="tests.SeleniumTest" name="testGoogleSearch" time="6.866"/>
</testsuite> <!-- tests.SeleniumTest -->
