<?xml version="1.0" encoding="UTF-8"?>
<!-- Generated by org.testng.reporters.JUnitReportReporter -->
<testsuite hostname="LPCD-HWNP4B3" failures="0" tests="1" name="test.GSearchTestNG" time="0.290" errors="0" timestamp="2024-06-05T20:28:53 IST" skipped="0">
  <testcase classname="test.GSearchTestNG" name="googleSearch" time="0.290"/>
</testsuite> <!-- test.GSearchTestNG -->
