<?xml version="1.0" encoding="UTF-8"?>
<!-- Generated by org.testng.reporters.JUnitReportReporter -->
<testsuite hostname="LPCD-HWNP4B3" failures="0" tests="2" name="test.ExtentWithTestNGDemo" time="0.013" errors="0" timestamp="2024-06-06T12:06:02 IST" skipped="0">
  <testcase classname="test.ExtentWithTestNGDemo" name="test2" time="0.001"/>
  <testcase classname="test.ExtentWithTestNGDemo" name="test1" time="0.012"/>
</testsuite> <!-- test.ExtentWithTestNGDemo -->
