<?xml version="1.0" encoding="UTF-8"?>
<!-- Generated by org.testng.reporters.JUnitReportReporter -->
<testsuite hostname="LPCD-HWNP4B3" failures="0" tests="2" name="test.TestNgMultibrowserDemo" time="20.239" errors="0" timestamp="2024-06-08T15:10:12 IST" skipped="0">
  <testcase classname="test.TestNgMultibrowserDemo" name="test1" time="10.720"/>
  <testcase classname="test.TestNgMultibrowserDemo" name="test1" time="9.519"/>
</testsuite> <!-- test.TestNgMultibrowserDemo -->
