<?xml version="1.0" encoding="UTF-8"?>
<!-- Generated by org.testng.reporters.JUnitReportReporter -->
<testsuite hostname="LPCD-HWNP4B3" failures="0" tests="2" name="test.TestNGGroupDemo" time="0.009" errors="0" timestamp="2024-06-10T12:55:51 IST" skipped="0">
  <testcase classname="test.TestNGGroupDemo" name="test3" time="0.001"/>
  <testcase classname="test.TestNGGroupDemo" name="test2" time="0.008"/>
</testsuite> <!-- test.TestNGGroupDemo -->
